[2024-01-27 16:11:25,713: INFO: main: Weelcome to our custom log]
[2024-01-27 16:29:40,679: INFO: main: Weelcome to our custom log]
[2024-01-27 18:36:56,557: INFO: common: yaml file: config/config.yaml loaded successfully]
[2024-01-27 18:36:56,593: INFO: common: yaml file: params.yaml loaded successfully]
[2024-01-27 18:48:46,517: INFO: common: yaml file: config/config.yaml loaded successfully]
[2024-01-27 18:48:46,527: INFO: common: yaml file: params.yaml loaded successfully]
[2024-01-27 18:48:46,531: INFO: common: created directory at: artifacts]
[2024-01-27 18:48:46,532: INFO: common: created directory at: artifacts/data_ingestion]
[2024-01-27 18:48:46,533: INFO: 2553077880: Downloading data from https://drive.google.com/file/d/1btXhfBBPqzxEofcTItVOBRTDqpz1Byo7/view?usp=sharing into file artifacts/data_ingestion/data.zip]
[2024-01-27 18:49:12,343: INFO: 2553077880: Downloaded data from https://drive.google.com/file/d/1btXhfBBPqzxEofcTItVOBRTDqpz1Byo7/view?usp=sharing into file artifacts/data_ingestion/data.zip]
[2024-01-27 19:15:21,725: INFO: main: >>>>> stage Data Ingestion Stage started <<<<<]
[2024-01-27 19:15:21,726: INFO: common: yaml file: config/config.yaml loaded successfully]
[2024-01-27 19:15:21,727: INFO: common: yaml file: params.yaml loaded successfully]
[2024-01-27 19:15:21,728: INFO: common: created directory at: artifacts]
[2024-01-27 19:15:21,728: INFO: common: created directory at: artifacts/data_ingestion]
[2024-01-27 19:15:21,728: INFO: data_ingestion: Downloading data from https://drive.google.com/file/d/1btXhfBBPqzxEofcTItVOBRTDqpz1Byo7/view?usp=sharing                         into file artifacts/data_ingestion/data.zip]
[2024-01-27 19:15:47,590: INFO: data_ingestion: Downloaded data from https://drive.google.com/file/d/1btXhfBBPqzxEofcTItVOBRTDqpz1Byo7/view?usp=sharing                         into file artifacts/data_ingestion/data.zip]
[2024-01-27 19:15:55,897: INFO: main: >>>>>>>>> stage Data Ingestion Stage                 completed <<<<<<<<

x==============X]
[2024-01-29 01:04:03,595: INFO: common: yaml file: config/config.yaml loaded successfully]
[2024-01-29 01:04:03,609: INFO: common: yaml file: params.yaml loaded successfully]
[2024-01-29 01:04:25,466: INFO: common: yaml file: config/config.yaml loaded successfully]
[2024-01-29 01:04:25,469: INFO: common: yaml file: params.yaml loaded successfully]
[2024-01-29 01:04:25,469: INFO: common: created directory at: artifacts]
[2024-01-29 01:04:25,471: INFO: common: created directory at: artifact/prepare_base_model]
[2024-01-29 01:04:27,764: WARNING: saving_utils: Compiled the loaded model, but the compiled metrics have yet to be built. `model.compile_metrics` will be empty until you train or evaluate the model.]
[2024-01-29 01:04:27,905: WARNING: optimizer: At this time, the v2.11+ optimizer `tf.keras.optimizers.SGD` runs slowly on M1/M2 Macs, please use the legacy Keras optimizer instead, located at `tf.keras.optimizers.legacy.SGD`.]
[2024-01-29 01:22:38,748: INFO: main: >>>>> stage Data Ingestion Stage started <<<<<]
[2024-01-29 01:22:38,749: INFO: common: yaml file: config/config.yaml loaded successfully]
[2024-01-29 01:22:38,750: INFO: common: yaml file: params.yaml loaded successfully]
[2024-01-29 01:22:38,751: INFO: common: created directory at: artifacts]
[2024-01-29 01:22:38,751: INFO: common: created directory at: artifacts/data_ingestion]
[2024-01-29 01:22:38,751: INFO: data_ingestion: Downloading data from https://drive.google.com/file/d/1btXhfBBPqzxEofcTItVOBRTDqpz1Byo7/view?usp=sharing                         into file artifacts/data_ingestion/data.zip]
[2024-01-29 01:23:04,596: INFO: data_ingestion: Downloaded data from https://drive.google.com/file/d/1btXhfBBPqzxEofcTItVOBRTDqpz1Byo7/view?usp=sharing                         into file artifacts/data_ingestion/data.zip]
[2024-01-29 01:23:15,421: INFO: main: >>>>>>>>> stage Data Ingestion Stage completed <<<<<<<<

x==============x]
[2024-01-29 01:23:15,423: INFO: main: >>>>> stage Prepare base model started <<<<<]
[2024-01-29 01:23:15,425: INFO: common: yaml file: config/config.yaml loaded successfully]
[2024-01-29 01:23:15,428: INFO: common: yaml file: params.yaml loaded successfully]
[2024-01-29 01:23:15,432: INFO: common: created directory at: artifacts]
[2024-01-29 01:23:15,432: INFO: common: created directory at: artifact/prepare_base_model]
[2024-01-29 01:23:16,018: WARNING: saving_utils: Compiled the loaded model, but the compiled metrics have yet to be built. `model.compile_metrics` will be empty until you train or evaluate the model.]
[2024-01-29 01:23:16,182: WARNING: optimizer: At this time, the v2.11+ optimizer `tf.keras.optimizers.SGD` runs slowly on M1/M2 Macs, please use the legacy Keras optimizer instead, located at `tf.keras.optimizers.legacy.SGD`.]
[2024-01-29 01:23:16,229: INFO: main: >>>>>>>>> stage Prepare base model completed <<<<<<<<

x==============x]
